Determining if the pthread_create exist failed with the following output:
Change Dir: /autofs/unitytravail/travail/aayot001/travail/Master_1/S8/Mondes_3D_UB/TD3_4/build/CMakeFiles/CMakeTmp

Run Build Command:"/usr/bin/make" "cmTC_f4240/fast"
/usr/bin/make -f CMakeFiles/cmTC_f4240.dir/build.make CMakeFiles/cmTC_f4240.dir/build
make[1] : on entre dans le répertoire « /autofs/unitytravail/travail/aayot001/travail/Master_1/S8/Mondes_3D_UB/TD3_4/build/CMakeFiles/CMakeTmp »
Building C object CMakeFiles/cmTC_f4240.dir/CheckSymbolExists.c.o
/usr/bin/cc     -o CMakeFiles/cmTC_f4240.dir/CheckSymbolExists.c.o   -c /autofs/unitytravail/travail/aayot001/travail/Master_1/S8/Mondes_3D_UB/TD3_4/build/CMakeFiles/CMakeTmp/CheckSymbolExists.c
Linking C executable cmTC_f4240
/usr/bin/cmake -E cmake_link_script CMakeFiles/cmTC_f4240.dir/link.txt --verbose=1
/usr/bin/cc       CMakeFiles/cmTC_f4240.dir/CheckSymbolExists.c.o  -o cmTC_f4240 -rdynamic 
CMakeFiles/cmTC_f4240.dir/CheckSymbolExists.c.o : Dans la fonction « main » :
CheckSymbolExists.c:(.text+0x1b) : référence indéfinie vers « pthread_create »
collect2: error: ld returned 1 exit status
CMakeFiles/cmTC_f4240.dir/build.make:97 : la recette pour la cible « cmTC_f4240 » a échouée
make[1]: *** [cmTC_f4240] Erreur 1
make[1] : on quitte le répertoire « /autofs/unitytravail/travail/aayot001/travail/Master_1/S8/Mondes_3D_UB/TD3_4/build/CMakeFiles/CMakeTmp »
Makefile:126 : la recette pour la cible « cmTC_f4240/fast » a échouée
make: *** [cmTC_f4240/fast] Erreur 2

File /autofs/unitytravail/travail/aayot001/travail/Master_1/S8/Mondes_3D_UB/TD3_4/build/CMakeFiles/CMakeTmp/CheckSymbolExists.c:
/* */
#include <pthread.h>

int main(int argc, char** argv)
{
  (void)argv;
#ifndef pthread_create
  return ((int*)(&pthread_create))[argc];
#else
  (void)argc;
  return 0;
#endif
}

Determining if the function pthread_create exists in the pthreads failed with the following output:
Change Dir: /autofs/unitytravail/travail/aayot001/travail/Master_1/S8/Mondes_3D_UB/TD3_4/build/CMakeFiles/CMakeTmp

Run Build Command:"/usr/bin/make" "cmTC_271db/fast"
/usr/bin/make -f CMakeFiles/cmTC_271db.dir/build.make CMakeFiles/cmTC_271db.dir/build
make[1] : on entre dans le répertoire « /autofs/unitytravail/travail/aayot001/travail/Master_1/S8/Mondes_3D_UB/TD3_4/build/CMakeFiles/CMakeTmp »
Building C object CMakeFiles/cmTC_271db.dir/CheckFunctionExists.c.o
/usr/bin/cc    -DCHECK_FUNCTION_EXISTS=pthread_create   -o CMakeFiles/cmTC_271db.dir/CheckFunctionExists.c.o   -c /usr/share/cmake-3.7/Modules/CheckFunctionExists.c
Linking C executable cmTC_271db
/usr/bin/cmake -E cmake_link_script CMakeFiles/cmTC_271db.dir/link.txt --verbose=1
/usr/bin/cc   -DCHECK_FUNCTION_EXISTS=pthread_create    CMakeFiles/cmTC_271db.dir/CheckFunctionExists.c.o  -o cmTC_271db -rdynamic -lpthreads 
/usr/bin/ld : ne peut trouver -lpthreads
collect2: error: ld returned 1 exit status
CMakeFiles/cmTC_271db.dir/build.make:97 : la recette pour la cible « cmTC_271db » a échouée
make[1]: *** [cmTC_271db] Erreur 1
make[1] : on quitte le répertoire « /autofs/unitytravail/travail/aayot001/travail/Master_1/S8/Mondes_3D_UB/TD3_4/build/CMakeFiles/CMakeTmp »
Makefile:126 : la recette pour la cible « cmTC_271db/fast » a échouée
make: *** [cmTC_271db/fast] Erreur 2


